<?xml version="1.0" encoding="UTF-8"?>
<!-- Generated by org.testng.reporters.JUnitReportReporter -->
<testsuite hostname="davidsheela" failures="0" tests="1" name="practice.Sample" time="0.016" errors="0" timestamp="2024-11-16T09:58:27 IST" skipped="0">
  <testcase classname="practice.Sample" name="hello" time="0.016"/>
</testsuite> <!-- practice.Sample -->
